<?xml version="1.0" encoding="UTF-8"?>
<!-- Generated by org.testng.reporters.JUnitReportReporter -->
<testsuite hostname="Ayushas-MacBook-Air.local" failures="0" tests="1" name="com.progressive.testcases.google.GoogleTest" time="3.191" errors="0" timestamp="18 Feb 2021 02:43:08 GMT" skipped="0">
  <testcase classname="com.progressive.testcases.google.GoogleTest" name="googleSearchTest1" time="3.191"/>
</testsuite> <!-- com.progressive.testcases.google.GoogleTest -->
