<?xml version="1.0" encoding="UTF-8"?>
<!-- Generated by org.testng.reporters.JUnitReportReporter -->
<testsuite hostname="Ayushas-MacBook-Air.local" failures="0" tests="1" name="com.progressive.testcases.progressive.ProgressiveAutoInsuranceTest" time="3.016" errors="0" timestamp="18 Feb 2021 02:43:08 GMT" skipped="0">
  <testcase classname="com.progressive.testcases.progressive.ProgressiveAutoInsuranceTest" name="progressiveSearchTest" time="3.016"/>
</testsuite> <!-- com.progressive.testcases.progressive.ProgressiveAutoInsuranceTest -->
